#
# There is insufficient memory for the Java Runtime Environment to continue.
# Native memory allocation (malloc) failed to allocate 32744 bytes for ChunkPool::allocate
# Possible reasons:
#   The system is out of physical RAM or swap space
#   The process is running with CompressedOops enabled, and the Java Heap may be blocking the growth of the native heap
# Possible solutions:
#   Reduce memory load on the system
#   Increase physical memory or swap space
#   Check if swap backing store is full
#   Decrease Java heap size (-Xmx/-Xms)
#   Decrease number of Java threads
#   Decrease Java thread stack sizes (-Xss)
#   Set larger code cache with -XX:ReservedCodeCacheSize=
#   JVM is running with Unscaled Compressed Oops mode in which the Java heap is
#     placed in the first 4GB address space. The Java Heap base address is the
#     maximum limit for the native heap growth. Please use -XX:HeapBaseMinAddress
#     to set the Java Heap base and to place the Java Heap above 4GB virtual address.
# This output file may be truncated or incomplete.
#
#  Out of Memory Error (./src/hotspot/share/memory/arena.cpp:81), pid=19320, tid=20392
#
# JRE version: OpenJDK Runtime Environment (11.0.10) (build 11.0.10+0-b96-7249189)
# Java VM: OpenJDK 64-Bit Server VM (11.0.10+0-b96-7249189, mixed mode, tiered, compressed oops, g1 gc, windows-amd64)
# No core dump will be written. Minidumps are not enabled by default on client versions of Windows
#

---------------  S U M M A R Y ------------

Command Line: --add-opens=java.base/java.util=ALL-UNNAMED --add-opens=java.base/java.lang=ALL-UNNAMED --add-opens=java.base/java.lang.invoke=ALL-UNNAMED --add-opens=java.base/java.util=ALL-UNNAMED --add-opens=java.prefs/java.util.prefs=ALL-UNNAMED --add-opens=java.prefs/java.util.prefs=ALL-UNNAMED --add-opens=java.base/java.nio.charset=ALL-UNNAMED --add-opens=java.base/java.net=ALL-UNNAMED --add-opens=java.base/java.util.concurrent.atomic=ALL-UNNAMED -Xmx2048m -Dfile.encoding=UTF-8 -Duser.country=CO -Duser.language=es -Duser.variant org.gradle.launcher.daemon.bootstrap.GradleDaemon 7.0.2

Host: AMD A9-9410 RADEON R5, 5 COMPUTE CORES 2C+3G   , 2 cores, 11G,  Windows 10 , 64 bit Build 19041 (10.0.19041.1503)
Time: Sun Mar 13 17:45:13 2022 Hora est. Pacífico, Sudamérica elapsed time: 27.739081 seconds (0d 0h 0m 27s)

---------------  T H R E A D  ---------------

Current thread (0x00000202ac378000):  JavaThread "C2 CompilerThread0" daemon [_thread_in_native, id=20392, stack(0x000000b080b00000,0x000000b080c00000)]


Current CompileTask:
C2:  27739 2128       4       java.net.URLClassLoader$1::run (5 bytes)

Stack: [0x000000b080b00000,0x000000b080c00000]
Native frames: (J=compiled Java code, j=interpreted, Vv=VM code, C=native code)
V  [jvm.dll+0x5ecfaa]
V  [jvm.dll+0x722bd5]
V  [jvm.dll+0x72412d]
V  [jvm.dll+0x7247e3]
V  [jvm.dll+0x242928]
V  [jvm.dll+0xbc75b]
V  [jvm.dll+0xbca0c]
V  [jvm.dll+0x35814c]
V  [jvm.dll+0x4eaafe]
V  [jvm.dll+0x4e9f13]
V  [jvm.dll+0x4ea6e6]
V  [jvm.dll+0x320b02]
V  [jvm.dll+0x31ffca]
V  [jvm.dll+0x1fb602]
V  [jvm.dll+0x1fa7f4]
V  [jvm.dll+0x18354c]
V  [jvm.dll+0x208ee7]
V  [jvm.dll+0x207731]
V  [jvm.dll+0x6eb1cf]
V  [jvm.dll+0x6e3d45]
V  [jvm.dll+0x5ebe96]
C  [ucrtbase.dll+0x21bb2]
C  [KERNEL32.DLL+0x17034]
C  [ntdll.dll+0x52651]


---------------  P R O C E S S  ---------------

Threads class SMR info:
_java_thread_list=0x00000202ac7746f0, length=23, elements={
0x00000202902c6000, 0x00000202ab9c7800, 0x00000202ab9cd000, 0x00000202ac373800,
0x00000202ac374800, 0x00000202ac376000, 0x00000202ac378000, 0x00000202ac37b000,
0x00000202ab9fe800, 0x00000202ac4d4800, 0x00000202ada60000, 0x00000202ae95c800,
0x00000202ac976000, 0x00000202ad1ef800, 0x00000202ace9a800, 0x00000202ac833000,
0x00000202ad038000, 0x00000202ac6d9800, 0x00000202ade26800, 0x00000202aed80000,
0x00000202aed7f800, 0x00000202aed81000, 0x00000202aed82800
}

Java Threads: ( => current thread )
  0x00000202902c6000 JavaThread "main" [_thread_blocked, id=19936, stack(0x000000b0fff00000,0x000000b100000000)]
  0x00000202ab9c7800 JavaThread "Reference Handler" daemon [_thread_blocked, id=13884, stack(0x000000b080600000,0x000000b080700000)]
  0x00000202ab9cd000 JavaThread "Finalizer" daemon [_thread_blocked, id=18804, stack(0x000000b080700000,0x000000b080800000)]
  0x00000202ac373800 JavaThread "Signal Dispatcher" daemon [_thread_blocked, id=23516, stack(0x000000b080800000,0x000000b080900000)]
  0x00000202ac374800 JavaThread "Attach Listener" daemon [_thread_blocked, id=5616, stack(0x000000b080900000,0x000000b080a00000)]
  0x00000202ac376000 JavaThread "Service Thread" daemon [_thread_blocked, id=19892, stack(0x000000b080a00000,0x000000b080b00000)]
=>0x00000202ac378000 JavaThread "C2 CompilerThread0" daemon [_thread_in_native, id=20392, stack(0x000000b080b00000,0x000000b080c00000)]
  0x00000202ac37b000 JavaThread "C1 CompilerThread0" daemon [_thread_in_native, id=21200, stack(0x000000b080c00000,0x000000b080d00000)]
  0x00000202ab9fe800 JavaThread "Sweeper thread" daemon [_thread_blocked, id=8204, stack(0x000000b080d00000,0x000000b080e00000)]
  0x00000202ac4d4800 JavaThread "Common-Cleaner" daemon [_thread_blocked, id=22308, stack(0x000000b080e00000,0x000000b080f00000)]
  0x00000202ada60000 JavaThread "Daemon health stats" [_thread_blocked, id=22500, stack(0x000000b081100000,0x000000b081200000)]
  0x00000202ae95c800 JavaThread "Incoming local TCP Connector on port 56066" [_thread_in_native, id=1544, stack(0x000000b081200000,0x000000b081300000)]
  0x00000202ac976000 JavaThread "Daemon periodic checks" [_thread_in_native, id=14728, stack(0x000000b081300000,0x000000b081400000)]
  0x00000202ad1ef800 JavaThread "Daemon" [_thread_blocked, id=3456, stack(0x000000b081400000,0x000000b081500000)]
  0x00000202ace9a800 JavaThread "Handler for socket connection from /127.0.0.1:56066 to /127.0.0.1:56067" [_thread_in_native, id=20084, stack(0x000000b081500000,0x000000b081600000)]
  0x00000202ac833000 JavaThread "Cancel handler" [_thread_blocked, id=20284, stack(0x000000b081600000,0x000000b081700000)]
  0x00000202ad038000 JavaThread "Daemon worker" [_thread_blocked, id=21844, stack(0x000000b081700000,0x000000b081800000)]
  0x00000202ac6d9800 JavaThread "Asynchronous log dispatcher for DefaultDaemonConnection: socket connection from /127.0.0.1:56066 to /127.0.0.1:56067" [_thread_blocked, id=18668, stack(0x000000b081800000,0x000000b081900000)]
  0x00000202ade26800 JavaThread "Stdin handler" [_thread_blocked, id=9736, stack(0x000000b081900000,0x000000b081a00000)]
  0x00000202aed80000 JavaThread "Daemon client event forwarder" [_thread_blocked, id=17344, stack(0x000000b081a00000,0x000000b081b00000)]
  0x00000202aed7f800 JavaThread "Cache worker for file hash cache (C:\Users\Hervis Jonathan\.gradle\caches\7.0.2\fileHashes)" [_thread_blocked, id=8304, stack(0x000000b081b00000,0x000000b081c00000)]
  0x00000202aed81000 JavaThread "File lock request listener" [_thread_in_native, id=15372, stack(0x000000b081c00000,0x000000b081d00000)]
  0x00000202aed82800 JavaThread "Cache worker for journal cache (C:\Users\Hervis Jonathan\.gradle\caches\journal-1)" [_thread_blocked, id=2400, stack(0x000000b081d00000,0x000000b081e00000)]

Other Threads:
  0x00000202ab9c2800 VMThread "VM Thread" [stack: 0x000000b080500000,0x000000b080600000] [id=18984]
  0x00000202ac515800 WatcherThread [stack: 0x000000b080f00000,0x000000b081000000] [id=20132]
  0x00000202902d8800 GCTaskThread "GC Thread#0" [stack: 0x000000b080000000,0x000000b080100000] [id=8200]
  0x00000202ac633000 GCTaskThread "GC Thread#1" [stack: 0x000000b081000000,0x000000b081100000] [id=22148]
  0x000002029030a800 ConcurrentGCThread "G1 Main Marker" [stack: 0x000000b080100000,0x000000b080200000] [id=2480]
  0x000002029030b800 ConcurrentGCThread "G1 Conc#0" [stack: 0x000000b080200000,0x000000b080300000] [id=14972]
  0x00000202ab814800 ConcurrentGCThread "G1 Refine#0" [stack: 0x000000b080300000,0x000000b080400000] [id=18176]
  0x000002029039e000 ConcurrentGCThread "G1 Young RemSet Sampling" [stack: 0x000000b080400000,0x000000b080500000] [id=23032]

Threads with active compile tasks:
C2 CompilerThread0  27983 2128       4       java.net.URLClassLoader$1::run (5 bytes)
C1 CompilerThread0  27983 2170       3       org.objectweb.asm.Frame::execute (2318 bytes)

VM state:not at safepoint (normal execution)

VM Mutex/Monitor currently owned by a thread: None

Heap address: 0x0000000080000000, size: 2048 MB, Compressed Oops mode: 32-bit
Narrow klass base: 0x0000000000000000, Narrow klass shift: 3
Compressed class space size: 1073741824 Address: 0x0000000100000000

Heap:
 garbage-first heap   total 188416K, used 44227K [0x0000000080000000, 0x0000000100000000)
  region size 1024K, 32 young (32768K), 5 survivors (5120K)
 Metaspace       used 23371K, capacity 23958K, committed 24192K, reserved 1071104K
  class space    used 2953K, capacity 3158K, committed 3200K, reserved 1048576K
Heap Regions: E=young(eden), S=young(survivor), O=old, HS=humongous(starts), HC=humongous(continues), CS=collection set, F=free, A=archive, TAMS=top-at-mark-start (previous, next)
|   0|0x0000000080000000, 0x0000000080100000, 0x0000000080100000|100%|HS|  |TAMS 0x0000000080100000, 0x0000000080000000| Complete 
|   1|0x0000000080100000, 0x0000000080200000, 0x0000000080200000|100%|HC|  |TAMS 0x0000000080200000, 0x0000000080100000| Complete 
|   2|0x0000000080200000, 0x0000000080300000, 0x0000000080300000|100%|HC|  |TAMS 0x0000000080300000, 0x0000000080200000| Complete 
|   3|0x0000000080300000, 0x0000000080400000, 0x0000000080400000|100%| O|  |TAMS 0x0000000080400000, 0x0000000080300000| Untracked 
|   4|0x0000000080400000, 0x0000000080500000, 0x0000000080500000|100%| O|  |TAMS 0x0000000080500000, 0x0000000080400000| Untracked 
|   5|0x0000000080500000, 0x0000000080600000, 0x0000000080600000|100%| O|  |TAMS 0x0000000080600000, 0x0000000080500000| Untracked 
|   6|0x0000000080600000, 0x0000000080700000, 0x0000000080700000|100%| O|  |TAMS 0x0000000080700000, 0x0000000080600000| Untracked 
|   7|0x0000000080700000, 0x0000000080800000, 0x0000000080800000|100%| O|  |TAMS 0x0000000080800000, 0x0000000080700000| Untracked 
|   8|0x0000000080800000, 0x0000000080900000, 0x0000000080900000|100%| O|  |TAMS 0x0000000080900000, 0x0000000080800000| Untracked 
|   9|0x0000000080900000, 0x0000000080a00000, 0x0000000080a00000|100%| O|  |TAMS 0x0000000080a00000, 0x0000000080900000| Untracked 
|  10|0x0000000080a00000, 0x0000000080b00000, 0x0000000080b00000|100%| O|  |TAMS 0x0000000080b00000, 0x0000000080a00000| Untracked 
|  11|0x0000000080b00000, 0x0000000080c00000, 0x0000000080c00000|100%| O|  |TAMS 0x0000000080c00000, 0x0000000080b00000| Untracked 
|  12|0x0000000080c00000, 0x0000000080c58800, 0x0000000080d00000| 34%| O|  |TAMS 0x0000000080c58800, 0x0000000080c00000| Untracked 
|  13|0x0000000080d00000, 0x0000000080d00000, 0x0000000080e00000|  0%| F|  |TAMS 0x0000000080d00000, 0x0000000080d00000| Untracked 
|  14|0x0000000080e00000, 0x0000000080e00000, 0x0000000080f00000|  0%| F|  |TAMS 0x0000000080e00000, 0x0000000080e00000| Untracked 
|  15|0x0000000080f00000, 0x0000000080f00000, 0x0000000081000000|  0%| F|  |TAMS 0x0000000080f00000, 0x0000000080f00000| Untracked 
|  16|0x0000000081000000, 0x0000000081000000, 0x0000000081100000|  0%| F|  |TAMS 0x0000000081000000, 0x0000000081000000| Untracked 
|  17|0x0000000081100000, 0x0000000081100000, 0x0000000081200000|  0%| F|  |TAMS 0x0000000081100000, 0x0000000081100000| Untracked 
|  18|0x0000000081200000, 0x0000000081200000, 0x0000000081300000|  0%| F|  |TAMS 0x0000000081200000, 0x0000000081200000| Untracked 
|  19|0x0000000081300000, 0x0000000081300000, 0x0000000081400000|  0%| F|  |TAMS 0x0000000081300000, 0x0000000081300000| Untracked 
|  20|0x0000000081400000, 0x0000000081400000, 0x0000000081500000|  0%| F|  |TAMS 0x0000000081400000, 0x0000000081400000| Untracked 
|  21|0x0000000081500000, 0x0000000081500000, 0x0000000081600000|  0%| F|  |TAMS 0x0000000081500000, 0x0000000081500000| Untracked 
|  22|0x0000000081600000, 0x0000000081600000, 0x0000000081700000|  0%| F|  |TAMS 0x0000000081600000, 0x0000000081600000| Untracked 
|  23|0x0000000081700000, 0x0000000081700000, 0x0000000081800000|  0%| F|  |TAMS 0x0000000081700000, 0x0000000081700000| Untracked 
|  24|0x0000000081800000, 0x0000000081800000, 0x0000000081900000|  0%| F|  |TAMS 0x0000000081800000, 0x0000000081800000| Untracked 
|  25|0x0000000081900000, 0x0000000081900000, 0x0000000081a00000|  0%| F|  |TAMS 0x0000000081900000, 0x0000000081900000| Untracked 
|  26|0x0000000081a00000, 0x0000000081a00000, 0x0000000081b00000|  0%| F|  |TAMS 0x0000000081a00000, 0x0000000081a00000| Untracked 
|  27|0x0000000081b00000, 0x0000000081b00000, 0x0000000081c00000|  0%| F|  |TAMS 0x0000000081b00000, 0x0000000081b00000| Untracked 
|  28|0x0000000081c00000, 0x0000000081c00000, 0x0000000081d00000|  0%| F|  |TAMS 0x0000000081c00000, 0x0000000081c00000| Untracked 
|  29|0x0000000081d00000, 0x0000000081d00000, 0x0000000081e00000|  0%| F|  |TAMS 0x0000000081d00000, 0x0000000081d00000| Untracked 
|  30|0x0000000081e00000, 0x0000000081e00000, 0x0000000081f00000|  0%| F|  |TAMS 0x0000000081e00000, 0x0000000081e00000| Untracked 
|  31|0x0000000081f00000, 0x0000000081f00000, 0x0000000082000000|  0%| F|  |TAMS 0x0000000081f00000, 0x0000000081f00000| Untracked 
|  32|0x0000000082000000, 0x0000000082000000, 0x0000000082100000|  0%| F|  |TAMS 0x0000000082000000, 0x0000000082000000| Untracked 
|  33|0x0000000082100000, 0x0000000082100000, 0x0000000082200000|  0%| F|  |TAMS 0x0000000082100000, 0x0000000082100000| Untracked 
|  34|0x0000000082200000, 0x0000000082200000, 0x0000000082300000|  0%| F|  |TAMS 0x0000000082200000, 0x0000000082200000| Untracked 
|  35|0x0000000082300000, 0x0000000082300000, 0x0000000082400000|  0%| F|  |TAMS 0x0000000082300000, 0x0000000082300000| Untracked 
|  36|0x0000000082400000, 0x0000000082400000, 0x0000000082500000|  0%| F|  |TAMS 0x0000000082400000, 0x0000000082400000| Untracked 
|  37|0x0000000082500000, 0x0000000082500000, 0x0000000082600000|  0%| F|  |TAMS 0x0000000082500000, 0x0000000082500000| Untracked 
|  38|0x0000000082600000, 0x0000000082600000, 0x0000000082700000|  0%| F|  |TAMS 0x0000000082600000, 0x0000000082600000| Untracked 
|  39|0x0000000082700000, 0x0000000082700000, 0x0000000082800000|  0%| F|  |TAMS 0x0000000082700000, 0x0000000082700000| Untracked 
|  40|0x0000000082800000, 0x0000000082800000, 0x0000000082900000|  0%| F|  |TAMS 0x0000000082800000, 0x0000000082800000| Untracked 
|  41|0x0000000082900000, 0x0000000082900000, 0x0000000082a00000|  0%| F|  |TAMS 0x0000000082900000, 0x0000000082900000| Untracked 
|  42|0x0000000082a00000, 0x0000000082a00000, 0x0000000082b00000|  0%| F|  |TAMS 0x0000000082a00000, 0x0000000082a00000| Untracked 
|  43|0x0000000082b00000, 0x0000000082b00000, 0x0000000082c00000|  0%| F|  |TAMS 0x0000000082b00000, 0x0000000082b00000| Untracked 
|  44|0x0000000082c00000, 0x0000000082c00000, 0x0000000082d00000|  0%| F|  |TAMS 0x0000000082c00000, 0x0000000082c00000| Untracked 
|  45|0x0000000082d00000, 0x0000000082d00000, 0x0000000082e00000|  0%| F|  |TAMS 0x0000000082d00000, 0x0000000082d00000| Untracked 
|  46|0x0000000082e00000, 0x0000000082e00000, 0x0000000082f00000|  0%| F|  |TAMS 0x0000000082e00000, 0x0000000082e00000| Untracked 
|  47|0x0000000082f00000, 0x0000000082f00000, 0x0000000083000000|  0%| F|  |TAMS 0x0000000082f00000, 0x0000000082f00000| Untracked 
|  48|0x0000000083000000, 0x0000000083000000, 0x0000000083100000|  0%| F|  |TAMS 0x0000000083000000, 0x0000000083000000| Untracked 
|  49|0x0000000083100000, 0x0000000083100000, 0x0000000083200000|  0%| F|  |TAMS 0x0000000083100000, 0x0000000083100000| Untracked 
|  50|0x0000000083200000, 0x0000000083200000, 0x0000000083300000|  0%| F|  |TAMS 0x0000000083200000, 0x0000000083200000| Untracked 
|  51|0x0000000083300000, 0x0000000083300000, 0x0000000083400000|  0%| F|  |TAMS 0x0000000083300000, 0x0000000083300000| Untracked 
|  52|0x0000000083400000, 0x0000000083400000, 0x0000000083500000|  0%| F|  |TAMS 0x0000000083400000, 0x0000000083400000| Untracked 
|  53|0x0000000083500000, 0x0000000083500000, 0x0000000083600000|  0%| F|  |TAMS 0x0000000083500000, 0x0000000083500000| Untracked 
|  54|0x0000000083600000, 0x0000000083600000, 0x0000000083700000|  0%| F|  |TAMS 0x0000000083600000, 0x0000000083600000| Untracked 
|  55|0x0000000083700000, 0x0000000083700000, 0x0000000083800000|  0%| F|  |TAMS 0x0000000083700000, 0x0000000083700000| Untracked 
|  56|0x0000000083800000, 0x0000000083800000, 0x0000000083900000|  0%| F|  |TAMS 0x0000000083800000, 0x0000000083800000| Untracked 
|  57|0x0000000083900000, 0x0000000083900000, 0x0000000083a00000|  0%| F|  |TAMS 0x0000000083900000, 0x0000000083900000| Untracked 
|  58|0x0000000083a00000, 0x0000000083a00000, 0x0000000083b00000|  0%| F|  |TAMS 0x0000000083a00000, 0x0000000083a00000| Untracked 
|  59|0x0000000083b00000, 0x0000000083b00000, 0x0000000083c00000|  0%| F|  |TAMS 0x0000000083b00000, 0x0000000083b00000| Untracked 
|  60|0x0000000083c00000, 0x0000000083c00000, 0x0000000083d00000|  0%| F|  |TAMS 0x0000000083c00000, 0x0000000083c00000| Untracked 
|  61|0x0000000083d00000, 0x0000000083d00000, 0x0000000083e00000|  0%| F|  |TAMS 0x0000000083d00000, 0x0000000083d00000| Untracked 
|  62|0x0000000083e00000, 0x0000000083e00000, 0x0000000083f00000|  0%| F|  |TAMS 0x0000000083e00000, 0x0000000083e00000| Untracked 
|  63|0x0000000083f00000, 0x0000000083f00000, 0x0000000084000000|  0%| F|  |TAMS 0x0000000083f00000, 0x0000000083f00000| Untracked 
|  64|0x0000000084000000, 0x0000000084000000, 0x0000000084100000|  0%| F|  |TAMS 0x0000000084000000, 0x0000000084000000| Untracked 
|  65|0x0000000084100000, 0x0000000084100000, 0x0000000084200000|  0%| F|  |TAMS 0x0000000084100000, 0x0000000084100000| Untracked 
|  66|0x0000000084200000, 0x0000000084200000, 0x0000000084300000|  0%| F|  |TAMS 0x0000000084200000, 0x0000000084200000| Untracked 
|  67|0x0000000084300000, 0x0000000084300000, 0x0000000084400000|  0%| F|  |TAMS 0x0000000084300000, 0x0000000084300000| Untracked 
|  68|0x0000000084400000, 0x0000000084400000, 0x0000000084500000|  0%| F|  |TAMS 0x0000000084400000, 0x0000000084400000| Untracked 
|  69|0x0000000084500000, 0x0000000084500000, 0x0000000084600000|  0%| F|  |TAMS 0x0000000084500000, 0x0000000084500000| Untracked 
|  70|0x0000000084600000, 0x0000000084600000, 0x0000000084700000|  0%| F|  |TAMS 0x0000000084600000, 0x0000000084600000| Untracked 
|  71|0x0000000084700000, 0x0000000084700000, 0x0000000084800000|  0%| F|  |TAMS 0x0000000084700000, 0x0000000084700000| Untracked 
|  72|0x0000000084800000, 0x0000000084800000, 0x0000000084900000|  0%| F|  |TAMS 0x0000000084800000, 0x0000000084800000| Untracked 
|  73|0x0000000084900000, 0x0000000084900000, 0x0000000084a00000|  0%| F|  |TAMS 0x0000000084900000, 0x0000000084900000| Untracked 
|  74|0x0000000084a00000, 0x0000000084a00000, 0x0000000084b00000|  0%| F|  |TAMS 0x0000000084a00000, 0x0000000084a00000| Untracked 
|  75|0x0000000084b00000, 0x0000000084b00000, 0x0000000084c00000|  0%| F|  |TAMS 0x0000000084b00000, 0x0000000084b00000| Untracked 
|  76|0x0000000084c00000, 0x0000000084c00000, 0x0000000084d00000|  0%| F|  |TAMS 0x0000000084c00000, 0x0000000084c00000| Untracked 
|  77|0x0000000084d00000, 0x0000000084d00000, 0x0000000084e00000|  0%| F|  |TAMS 0x0000000084d00000, 0x0000000084d00000| Untracked 
|  78|0x0000000084e00000, 0x0000000084e00000, 0x0000000084f00000|  0%| F|  |TAMS 0x0000000084e00000, 0x0000000084e00000| Untracked 
|  79|0x0000000084f00000, 0x0000000084f00000, 0x0000000085000000|  0%| F|  |TAMS 0x0000000084f00000, 0x0000000084f00000| Untracked 
|  80|0x0000000085000000, 0x0000000085000000, 0x0000000085100000|  0%| F|  |TAMS 0x0000000085000000, 0x0000000085000000| Untracked 
|  81|0x0000000085100000, 0x0000000085100000, 0x0000000085200000|  0%| F|  |TAMS 0x0000000085100000, 0x0000000085100000| Untracked 
|  82|0x0000000085200000, 0x0000000085200000, 0x0000000085300000|  0%| F|  |TAMS 0x0000000085200000, 0x0000000085200000| Untracked 
|  83|0x0000000085300000, 0x0000000085300000, 0x0000000085400000|  0%| F|  |TAMS 0x0000000085300000, 0x0000000085300000| Untracked 
|  84|0x0000000085400000, 0x0000000085400000, 0x0000000085500000|  0%| F|  |TAMS 0x0000000085400000, 0x0000000085400000| Untracked 
|  85|0x0000000085500000, 0x0000000085500000, 0x0000000085600000|  0%| F|  |TAMS 0x0000000085500000, 0x0000000085500000| Untracked 
|  86|0x0000000085600000, 0x0000000085600000, 0x0000000085700000|  0%| F|  |TAMS 0x0000000085600000, 0x0000000085600000| Untracked 
|  87|0x0000000085700000, 0x0000000085700000, 0x0000000085800000|  0%| F|  |TAMS 0x0000000085700000, 0x0000000085700000| Untracked 
|  88|0x0000000085800000, 0x0000000085800000, 0x0000000085900000|  0%| F|  |TAMS 0x0000000085800000, 0x0000000085800000| Untracked 
|  89|0x0000000085900000, 0x0000000085900000, 0x0000000085a00000|  0%| F|  |TAMS 0x0000000085900000, 0x0000000085900000| Untracked 
|  90|0x0000000085a00000, 0x0000000085a00000, 0x0000000085b00000|  0%| F|  |TAMS 0x0000000085a00000, 0x0000000085a00000| Untracked 
|  91|0x0000000085b00000, 0x0000000085b00000, 0x0000000085c00000|  0%| F|  |TAMS 0x0000000085b00000, 0x0000000085b00000| Untracked 
|  92|0x0000000085c00000, 0x0000000085c00000, 0x0000000085d00000|  0%| F|  |TAMS 0x0000000085c00000, 0x0000000085c00000| Untracked 
|  93|0x0000000085d00000, 0x0000000085d00000, 0x0000000085e00000|  0%| F|  |TAMS 0x0000000085d00000, 0x0000000085d00000| Untracked 
|  94|0x0000000085e00000, 0x0000000085e00000, 0x0000000085f00000|  0%| F|  |TAMS 0x0000000085e00000, 0x0000000085e00000| Untracked 
|  95|0x0000000085f00000, 0x0000000085f00000, 0x0000000086000000|  0%| F|  |TAMS 0x0000000085f00000, 0x0000000085f00000| Untracked 
|  96|0x0000000086000000, 0x0000000086000000, 0x0000000086100000|  0%| F|  |TAMS 0x0000000086000000, 0x0000000086000000| Untracked 
|  97|0x0000000086100000, 0x0000000086100000, 0x0000000086200000|  0%| F|  |TAMS 0x0000000086100000, 0x0000000086100000| Untracked 
|  98|0x0000000086200000, 0x0000000086200000, 0x0000000086300000|  0%| F|  |TAMS 0x0000000086200000, 0x0000000086200000| Untracked 
|  99|0x0000000086300000, 0x0000000086300000, 0x0000000086400000|  0%| F|  |TAMS 0x0000000086300000, 0x0000000086300000| Untracked 
| 100|0x0000000086400000, 0x0000000086400000, 0x0000000086500000|  0%| F|  |TAMS 0x0000000086400000, 0x0000000086400000| Untracked 
| 101|0x0000000086500000, 0x0000000086500000, 0x0000000086600000|  0%| F|  |TAMS 0x0000000086500000, 0x0000000086500000| Untracked 
| 102|0x0000000086600000, 0x0000000086600000, 0x0000000086700000|  0%| F|  |TAMS 0x0000000086600000, 0x0000000086600000| Untracked 
| 103|0x0000000086700000, 0x0000000086700000, 0x0000000086800000|  0%| F|  |TAMS 0x0000000086700000, 0x0000000086700000| Untracked 
| 104|0x0000000086800000, 0x0000000086800000, 0x0000000086900000|  0%| F|  |TAMS 0x0000000086800000, 0x0000000086800000| Untracked 
| 105|0x0000000086900000, 0x0000000086900000, 0x0000000086a00000|  0%| F|  |TAMS 0x0000000086900000, 0x0000000086900000| Untracked 
| 106|0x0000000086a00000, 0x0000000086a00000, 0x0000000086b00000|  0%| F|  |TAMS 0x0000000086a00000, 0x0000000086a00000| Untracked 
| 107|0x0000000086b00000, 0x0000000086b00000, 0x0000000086c00000|  0%| F|  |TAMS 0x0000000086b00000, 0x0000000086b00000| Untracked 
| 108|0x0000000086c00000, 0x0000000086c00000, 0x0000000086d00000|  0%| F|  |TAMS 0x0000000086c00000, 0x0000000086c00000| Untracked 
| 109|0x0000000086d00000, 0x0000000086d00000, 0x0000000086e00000|  0%| F|  |TAMS 0x0000000086d00000, 0x0000000086d00000| Untracked 
| 110|0x0000000086e00000, 0x0000000086e00000, 0x0000000086f00000|  0%| F|  |TAMS 0x0000000086e00000, 0x0000000086e00000| Untracked 
| 111|0x0000000086f00000, 0x0000000086f00000, 0x0000000087000000|  0%| F|  |TAMS 0x0000000086f00000, 0x0000000086f00000| Untracked 
| 112|0x0000000087000000, 0x0000000087000000, 0x0000000087100000|  0%| F|  |TAMS 0x0000000087000000, 0x0000000087000000| Untracked 
| 113|0x0000000087100000, 0x0000000087100000, 0x0000000087200000|  0%| F|  |TAMS 0x0000000087100000, 0x0000000087100000| Untracked 
| 114|0x0000000087200000, 0x0000000087200000, 0x0000000087300000|  0%| F|  |TAMS 0x0000000087200000, 0x0000000087200000| Untracked 
| 115|0x0000000087300000, 0x0000000087300000, 0x0000000087400000|  0%| F|  |TAMS 0x0000000087300000, 0x0000000087300000| Untracked 
| 116|0x0000000087400000, 0x0000000087400000, 0x0000000087500000|  0%| F|  |TAMS 0x0000000087400000, 0x0000000087400000| Untracked 
| 117|0x0000000087500000, 0x0000000087500000, 0x0000000087600000|  0%| F|  |TAMS 0x0000000087500000, 0x0000000087500000| Untracked 
| 118|0x0000000087600000, 0x0000000087600000, 0x0000000087700000|  0%| F|  |TAMS 0x0000000087600000, 0x0000000087600000| Untracked 
| 119|0x0000000087700000, 0x0000000087700000, 0x0000000087800000|  0%| F|  |TAMS 0x0000000087700000, 0x0000000087700000| Untracked 
| 120|0x0000000087800000, 0x0000000087800000, 0x0000000087900000|  0%| F|  |TAMS 0x0000000087800000, 0x0000000087800000| Untracked 
| 121|0x0000000087900000, 0x0000000087900000, 0x0000000087a00000|  0%| F|  |TAMS 0x0000000087900000, 0x0000000087900000| Untracked 
| 122|0x0000000087a00000, 0x0000000087a00000, 0x0000000087b00000|  0%| F|  |TAMS 0x0000000087a00000, 0x0000000087a00000| Untracked 
| 123|0x0000000087b00000, 0x0000000087b00000, 0x0000000087c00000|  0%| F|  |TAMS 0x0000000087b00000, 0x0000000087b00000| Untracked 
| 124|0x0000000087c00000, 0x0000000087c00000, 0x0000000087d00000|  0%| F|  |TAMS 0x0000000087c00000, 0x0000000087c00000| Untracked 
| 125|0x0000000087d00000, 0x0000000087d00000, 0x0000000087e00000|  0%| F|  |TAMS 0x0000000087d00000, 0x0000000087d00000| Untracked 
| 126|0x0000000087e00000, 0x0000000087e00000, 0x0000000087f00000|  0%| F|  |TAMS 0x0000000087e00000, 0x0000000087e00000| Untracked 
| 127|0x0000000087f00000, 0x0000000087f00000, 0x0000000088000000|  0%| F|  |TAMS 0x0000000087f00000, 0x0000000087f00000| Untracked 
| 128|0x0000000088000000, 0x0000000088000000, 0x0000000088100000|  0%| F|  |TAMS 0x0000000088000000, 0x0000000088000000| Untracked 
| 129|0x0000000088100000, 0x0000000088100000, 0x0000000088200000|  0%| F|  |TAMS 0x0000000088100000, 0x0000000088100000| Untracked 
| 130|0x0000000088200000, 0x0000000088200000, 0x0000000088300000|  0%| F|  |TAMS 0x0000000088200000, 0x0000000088200000| Untracked 
| 131|0x0000000088300000, 0x0000000088300000, 0x0000000088400000|  0%| F|  |TAMS 0x0000000088300000, 0x0000000088300000| Untracked 
| 132|0x0000000088400000, 0x0000000088400000, 0x0000000088500000|  0%| F|  |TAMS 0x0000000088400000, 0x0000000088400000| Untracked 
| 133|0x0000000088500000, 0x0000000088500000, 0x0000000088600000|  0%| F|  |TAMS 0x0000000088500000, 0x0000000088500000| Untracked 
| 134|0x0000000088600000, 0x0000000088600000, 0x0000000088700000|  0%| F|  |TAMS 0x0000000088600000, 0x0000000088600000| Untracked 
| 135|0x0000000088700000, 0x0000000088700000, 0x0000000088800000|  0%| F|  |TAMS 0x0000000088700000, 0x0000000088700000| Untracked 
| 136|0x0000000088800000, 0x0000000088800000, 0x0000000088900000|  0%| F|  |TAMS 0x0000000088800000, 0x0000000088800000| Untracked 
| 137|0x0000000088900000, 0x0000000088900000, 0x0000000088a00000|  0%| F|  |TAMS 0x0000000088900000, 0x0000000088900000| Untracked 
| 138|0x0000000088a00000, 0x0000000088a00000, 0x0000000088b00000|  0%| F|  |TAMS 0x0000000088a00000, 0x0000000088a00000| Untracked 
| 139|0x0000000088b00000, 0x0000000088b00000, 0x0000000088c00000|  0%| F|  |TAMS 0x0000000088b00000, 0x0000000088b00000| Untracked 
| 140|0x0000000088c00000, 0x0000000088c00000, 0x0000000088d00000|  0%| F|  |TAMS 0x0000000088c00000, 0x0000000088c00000| Untracked 
| 141|0x0000000088d00000, 0x0000000088d00000, 0x0000000088e00000|  0%| F|  |TAMS 0x0000000088d00000, 0x0000000088d00000| Untracked 
| 142|0x0000000088e00000, 0x0000000088e00000, 0x0000000088f00000|  0%| F|  |TAMS 0x0000000088e00000, 0x0000000088e00000| Untracked 
| 143|0x0000000088f00000, 0x0000000088f00000, 0x0000000089000000|  0%| F|  |TAMS 0x0000000088f00000, 0x0000000088f00000| Untracked 
| 144|0x0000000089000000, 0x0000000089000000, 0x0000000089100000|  0%| F|  |TAMS 0x0000000089000000, 0x0000000089000000| Untracked 
| 145|0x0000000089100000, 0x0000000089100000, 0x0000000089200000|  0%| F|  |TAMS 0x0000000089100000, 0x0000000089100000| Untracked 
| 146|0x0000000089200000, 0x0000000089200000, 0x0000000089300000|  0%| F|  |TAMS 0x0000000089200000, 0x0000000089200000| Untracked 
| 147|0x0000000089300000, 0x0000000089300000, 0x0000000089400000|  0%| F|  |TAMS 0x0000000089300000, 0x0000000089300000| Untracked 
| 148|0x0000000089400000, 0x0000000089400000, 0x0000000089500000|  0%| F|  |TAMS 0x0000000089400000, 0x0000000089400000| Untracked 
| 149|0x0000000089500000, 0x0000000089500000, 0x0000000089600000|  0%| F|  |TAMS 0x0000000089500000, 0x0000000089500000| Untracked 
| 150|0x0000000089600000, 0x0000000089600000, 0x0000000089700000|  0%| F|  |TAMS 0x0000000089600000, 0x0000000089600000| Untracked 
| 151|0x0000000089700000, 0x0000000089700000, 0x0000000089800000|  0%| F|  |TAMS 0x0000000089700000, 0x0000000089700000| Untracked 
| 152|0x0000000089800000, 0x0000000089870170, 0x0000000089900000| 43%| E|  |TAMS 0x0000000089800000, 0x0000000089800000| Complete 
| 153|0x0000000089900000, 0x0000000089a00000, 0x0000000089a00000|100%| E|CS|TAMS 0x0000000089900000, 0x0000000089900000| Complete 
| 154|0x0000000089a00000, 0x0000000089b00000, 0x0000000089b00000|100%| E|CS|TAMS 0x0000000089a00000, 0x0000000089a00000| Complete 
| 155|0x0000000089b00000, 0x0000000089c00000, 0x0000000089c00000|100%| E|CS|TAMS 0x0000000089b00000, 0x0000000089b00000| Complete 
| 156|0x0000000089c00000, 0x0000000089d00000, 0x0000000089d00000|100%| E|CS|TAMS 0x0000000089c00000, 0x0000000089c00000| Complete 
| 157|0x0000000089d00000, 0x0000000089e00000, 0x0000000089e00000|100%| E|CS|TAMS 0x0000000089d00000, 0x0000000089d00000| Complete 
| 158|0x0000000089e00000, 0x0000000089f00000, 0x0000000089f00000|100%| E|CS|TAMS 0x0000000089e00000, 0x0000000089e00000| Complete 
| 159|0x0000000089f00000, 0x000000008a000000, 0x000000008a000000|100%| E|CS|TAMS 0x0000000089f00000, 0x0000000089f00000| Complete 
| 160|0x000000008a000000, 0x000000008a100000, 0x000000008a100000|100%| E|CS|TAMS 0x000000008a000000, 0x000000008a000000| Complete 
| 161|0x000000008a100000, 0x000000008a200000, 0x000000008a200000|100%| E|CS|TAMS 0x000000008a100000, 0x000000008a100000| Complete 
| 162|0x000000008a200000, 0x000000008a300000, 0x000000008a300000|100%| E|CS|TAMS 0x000000008a200000, 0x000000008a200000| Complete 
| 163|0x000000008a300000, 0x000000008a400000, 0x000000008a400000|100%| E|CS|TAMS 0x000000008a300000, 0x000000008a300000| Complete 
| 164|0x000000008a400000, 0x000000008a500000, 0x000000008a500000|100%| E|CS|TAMS 0x000000008a400000, 0x000000008a400000| Complete 
| 165|0x000000008a500000, 0x000000008a600000, 0x000000008a600000|100%| E|CS|TAMS 0x000000008a500000, 0x000000008a500000| Complete 
| 166|0x000000008a600000, 0x000000008a700000, 0x000000008a700000|100%| E|CS|TAMS 0x000000008a600000, 0x000000008a600000| Complete 
| 167|0x000000008a700000, 0x000000008a800000, 0x000000008a800000|100%| E|CS|TAMS 0x000000008a700000, 0x000000008a700000| Complete 
| 168|0x000000008a800000, 0x000000008a900000, 0x000000008a900000|100%| E|CS|TAMS 0x000000008a800000, 0x000000008a800000| Complete 
| 169|0x000000008a900000, 0x000000008aa00000, 0x000000008aa00000|100%| E|CS|TAMS 0x000000008a900000, 0x000000008a900000| Complete 
| 170|0x000000008aa00000, 0x000000008ab00000, 0x000000008ab00000|100%| E|CS|TAMS 0x000000008aa00000, 0x000000008aa00000| Complete 
| 171|0x000000008ab00000, 0x000000008ac00000, 0x000000008ac00000|100%| E|CS|TAMS 0x000000008ab00000, 0x000000008ab00000| Complete 
| 172|0x000000008ac00000, 0x000000008acd8440, 0x000000008ad00000| 84%| S|CS|TAMS 0x000000008ac00000, 0x000000008ac00000| Complete 
| 173|0x000000008ad00000, 0x000000008ae00000, 0x000000008ae00000|100%| S|CS|TAMS 0x000000008ad00000, 0x000000008ad00000| Complete 
| 174|0x000000008ae00000, 0x000000008af00000, 0x000000008af00000|100%| S|CS|TAMS 0x000000008ae00000, 0x000000008ae00000| Complete 
| 175|0x000000008af00000, 0x000000008b000000, 0x000000008b000000|100%| S|CS|TAMS 0x000000008af00000, 0x000000008af00000| Complete 
| 176|0x000000008b000000, 0x000000008b100000, 0x000000008b100000|100%| S|CS|TAMS 0x000000008b000000, 0x000000008b000000| Complete 
| 177|0x000000008b100000, 0x000000008b200000, 0x000000008b200000|100%| E|CS|TAMS 0x000000008b100000, 0x000000008b100000| Complete 
| 178|0x000000008b200000, 0x000000008b300000, 0x000000008b300000|100%| E|CS|TAMS 0x000000008b200000, 0x000000008b200000| Complete 
| 179|0x000000008b300000, 0x000000008b400000, 0x000000008b400000|100%| E|CS|TAMS 0x000000008b300000, 0x000000008b300000| Complete 
| 180|0x000000008b400000, 0x000000008b500000, 0x000000008b500000|100%| E|CS|TAMS 0x000000008b400000, 0x000000008b400000| Complete 
| 181|0x000000008b500000, 0x000000008b600000, 0x000000008b600000|100%| E|CS|TAMS 0x000000008b500000, 0x000000008b500000| Complete 
| 182|0x000000008b600000, 0x000000008b700000, 0x000000008b700000|100%| E|CS|TAMS 0x000000008b600000, 0x000000008b600000| Complete 
| 183|0x000000008b700000, 0x000000008b800000, 0x000000008b800000|100%| E|CS|TAMS 0x000000008b700000, 0x000000008b700000| Complete 

Card table byte_map: [0x00000202a4d90000,0x00000202a5190000] _byte_map_base: 0x00000202a4990000

Marking Bits (Prev, Next): (CMBitMap*) 0x0000020290301b70, (CMBitMap*) 0x0000020290301b38
 Prev Bits: [0x00000202a7590000, 0x00000202a9590000)
 Next Bits: [0x00000202a5590000, 0x00000202a7590000)

Polling page: 0x00000202903a0000

Metaspace:

Usage:
  Non-class:     20.38 MB capacity,    19.99 MB ( 98%) used,   349.56 KB (  2%) free+waste,    45.31 KB ( <1%) overhead. 
      Class:      3.08 MB capacity,     2.89 MB ( 94%) used,   171.87 KB (  5%) free+waste,    22.88 KB ( <1%) overhead. 
       Both:     23.46 MB capacity,    22.88 MB ( 98%) used,   521.43 KB (  2%) free+waste,    68.19 KB ( <1%) overhead. 

Virtual space:
  Non-class space:       22.00 MB reserved,      20.50 MB ( 93%) committed 
      Class space:        1.00 GB reserved,       3.13 MB ( <1%) committed 
             Both:        1.02 GB reserved,      23.63 MB (  2%) committed 

Chunk freelists:
   Non-Class:  0 bytes
       Class:  10.00 KB
        Both:  10.00 KB

MaxMetaspaceSize: 17179869184.00 GB
CompressedClassSpaceSize: 1.00 GB

CodeHeap 'non-profiled nmethods': size=120064Kb used=1072Kb max_used=1072Kb free=118991Kb
 bounds [0x000002029d040000, 0x000002029d2b0000, 0x00000202a4580000]
CodeHeap 'profiled nmethods': size=120000Kb used=4677Kb max_used=4677Kb free=115322Kb
 bounds [0x0000020295b10000, 0x0000020295fb0000, 0x000002029d040000]
CodeHeap 'non-nmethods': size=5696Kb used=1148Kb max_used=1172Kb free=4547Kb
 bounds [0x0000020295580000, 0x00000202957f0000, 0x0000020295b10000]
 total_blobs=2650 nmethods=2162 adapters=400
 compilation: enabled
              stopped_count=0, restarted_count=0
 full_count=0

Compilation events (20 events):
Event: 27.257 Thread 0x00000202ac378000 nmethod 2122 0x000002029d14a590 code [0x000002029d14a740, 0x000002029d14ae88]
Event: 27.260 Thread 0x00000202ac37b000 2123       3       java.util.concurrent.locks.LockSupport::setBlocker (12 bytes)
Event: 27.261 Thread 0x00000202ac37b000 nmethod 2123 0x0000020295f89710 code [0x0000020295f898c0, 0x0000020295f899f8]
Event: 27.268 Thread 0x00000202ac37b000 2124       3       java.lang.invoke.LambdaForm$Name::withConstraint (20 bytes)
Event: 27.269 Thread 0x00000202ac37b000 nmethod 2124 0x0000020295f89a90 code [0x0000020295f89c60, 0x0000020295f89e48]
Event: 27.269 Thread 0x00000202ac37b000 2125       3       java.lang.invoke.InvokerBytecodeGenerator::isStaticallyNameable (148 bytes)
Event: 27.274 Thread 0x00000202ac37b000 nmethod 2125 0x0000020295f89f10 code [0x0000020295f8a420, 0x0000020295f8cbb8]
Event: 27.274 Thread 0x00000202ac37b000 2126       1       java.util.Collections$EmptyIterator::hasNext (2 bytes)
Event: 27.274 Thread 0x00000202ac37b000 nmethod 2126 0x000002029d14b010 code [0x000002029d14b1c0, 0x000002029d14b278]
Event: 27.282 Thread 0x00000202ac37b000 2127       3       java.util.concurrent.locks.AbstractQueuedSynchronizer::isOnSyncQueue (33 bytes)
Event: 27.283 Thread 0x00000202ac37b000 nmethod 2127 0x0000020295f8d710 code [0x0000020295f8d8e0, 0x0000020295f8dc38]
Event: 27.309 Thread 0x00000202ac378000 2128       4       java.net.URLClassLoader$1::run (5 bytes)
Event: 27.510 Thread 0x00000202ac37b000 2129       3       java.lang.String::compareTo (9 bytes)
Event: 27.510 Thread 0x00000202ac37b000 nmethod 2129 0x0000020295f8dd90 code [0x0000020295f8df60, 0x0000020295f8e168]
Event: 27.511 Thread 0x00000202ac37b000 2130       3       java.util.TreeMap::setColor (10 bytes)
Event: 27.511 Thread 0x00000202ac37b000 nmethod 2130 0x0000020295f8e210 code [0x0000020295f8e3c0, 0x0000020295f8e4d8]
Event: 27.518 Thread 0x00000202ac37b000 2131       3       java.lang.reflect.Modifier::isAbstract (14 bytes)
Event: 27.518 Thread 0x00000202ac37b000 nmethod 2131 0x0000020295f8e590 code [0x0000020295f8e740, 0x0000020295f8e878]
Event: 27.519 Thread 0x00000202ac37b000 2132       3       java.lang.Integer::hashCode (8 bytes)
Event: 27.519 Thread 0x00000202ac37b000 nmethod 2132 0x0000020295f8e910 code [0x0000020295f8eac0, 0x0000020295f8ec18]

GC Heap History (14 events):
Event: 3.034 GC heap before
{Heap before GC invocations=0 (full 0):
 garbage-first heap   total 188416K, used 12288K [0x0000000080000000, 0x0000000100000000)
  region size 1024K, 9 young (9216K), 0 survivors (0K)
 Metaspace       used 6219K, capacity 6329K, committed 6528K, reserved 1056768K
  class space    used 542K, capacity 578K, committed 640K, reserved 1048576K
}
Event: 3.335 GC heap after
{Heap after GC invocations=1 (full 0):
 garbage-first heap   total 188416K, used 1427K [0x0000000080000000, 0x0000000100000000)
  region size 1024K, 2 young (2048K), 2 survivors (2048K)
 Metaspace       used 6219K, capacity 6329K, committed 6528K, reserved 1056768K
  class space    used 542K, capacity 578K, committed 640K, reserved 1048576K
}
Event: 4.494 GC heap before
{Heap before GC invocations=1 (full 0):
 garbage-first heap   total 188416K, used 10643K [0x0000000080000000, 0x0000000100000000)
  region size 1024K, 9 young (9216K), 2 survivors (2048K)
 Metaspace       used 7213K, capacity 7380K, committed 7680K, reserved 1056768K
  class space    used 641K, capacity 715K, committed 768K, reserved 1048576K
}
Event: 4.502 GC heap after
{Heap after GC invocations=2 (full 0):
 garbage-first heap   total 188416K, used 8648K [0x0000000080000000, 0x0000000100000000)
  region size 1024K, 2 young (2048K), 2 survivors (2048K)
 Metaspace       used 7213K, capacity 7380K, committed 7680K, reserved 1056768K
  class space    used 641K, capacity 715K, committed 768K, reserved 1048576K
}
Event: 5.912 GC heap before
{Heap before GC invocations=2 (full 0):
 garbage-first heap   total 188416K, used 16840K [0x0000000080000000, 0x0000000100000000)
  region size 1024K, 10 young (10240K), 2 survivors (2048K)
 Metaspace       used 10254K, capacity 10463K, committed 10624K, reserved 1058816K
  class space    used 1063K, capacity 1109K, committed 1152K, reserved 1048576K
}
Event: 5.919 GC heap after
{Heap after GC invocations=3 (full 0):
 garbage-first heap   total 188416K, used 9703K [0x0000000080000000, 0x0000000100000000)
  region size 1024K, 1 young (1024K), 1 survivors (1024K)
 Metaspace       used 10254K, capacity 10463K, committed 10624K, reserved 1058816K
  class space    used 1063K, capacity 1109K, committed 1152K, reserved 1048576K
}
Event: 7.601 GC heap before
{Heap before GC invocations=3 (full 0):
 garbage-first heap   total 188416K, used 23015K [0x0000000080000000, 0x0000000100000000)
  region size 1024K, 15 young (15360K), 1 survivors (1024K)
 Metaspace       used 11168K, capacity 11448K, committed 11520K, reserved 1058816K
  class space    used 1165K, capacity 1245K, committed 1280K, reserved 1048576K
}
Event: 7.606 GC heap after
{Heap after GC invocations=4 (full 0):
 garbage-first heap   total 188416K, used 10067K [0x0000000080000000, 0x0000000100000000)
  region size 1024K, 2 young (2048K), 2 survivors (2048K)
 Metaspace       used 11168K, capacity 11448K, committed 11520K, reserved 1058816K
  class space    used 1165K, capacity 1245K, committed 1280K, reserved 1048576K
}
Event: 9.538 GC heap before
{Heap before GC invocations=4 (full 0):
 garbage-first heap   total 188416K, used 30547K [0x0000000080000000, 0x0000000100000000)
  region size 1024K, 22 young (22528K), 2 survivors (2048K)
 Metaspace       used 11237K, capacity 11512K, committed 11776K, reserved 1060864K
  class space    used 1167K, capacity 1245K, committed 1280K, reserved 1048576K
}
Event: 9.547 GC heap after
{Heap after GC invocations=5 (full 0):
 garbage-first heap   total 188416K, used 12724K [0x0000000080000000, 0x0000000100000000)
  region size 1024K, 3 young (3072K), 3 survivors (3072K)
 Metaspace       used 11237K, capacity 11512K, committed 11776K, reserved 1060864K
  class space    used 1167K, capacity 1245K, committed 1280K, reserved 1048576K
}
Event: 25.331 GC heap before
{Heap before GC invocations=5 (full 0):
 garbage-first heap   total 188416K, used 70068K [0x0000000080000000, 0x0000000100000000)
  region size 1024K, 59 young (60416K), 3 survivors (3072K)
 Metaspace       used 19604K, capacity 20094K, committed 20224K, reserved 1067008K
  class space    used 2386K, capacity 2543K, committed 2560K, reserved 1048576K
}
Event: 25.353 GC heap after
{Heap after GC invocations=6 (full 0):
 garbage-first heap   total 188416K, used 16820K [0x0000000080000000, 0x0000000100000000)
  region size 1024K, 7 young (7168K), 7 survivors (7168K)
 Metaspace       used 19604K, capacity 20094K, committed 20224K, reserved 1067008K
  class space    used 2386K, capacity 2543K, committed 2560K, reserved 1048576K
}
Event: 25.807 GC heap before
{Heap before GC invocations=6 (full 0):
 garbage-first heap   total 188416K, used 22964K [0x0000000080000000, 0x0000000100000000)
  region size 1024K, 14 young (14336K), 7 survivors (7168K)
 Metaspace       used 20589K, capacity 21096K, committed 21248K, reserved 1067008K
  class space    used 2501K, capacity 2690K, committed 2816K, reserved 1048576K
}
Event: 25.822 GC heap after
{Heap after GC invocations=7 (full 0):
 garbage-first heap   total 188416K, used 17603K [0x0000000080000000, 0x0000000100000000)
  region size 1024K, 5 young (5120K), 5 survivors (5120K)
 Metaspace       used 20589K, capacity 21096K, committed 21248K, reserved 1067008K
  class space    used 2501K, capacity 2690K, committed 2816K, reserved 1048576K
}

Deoptimization events (20 events):
Event: 26.182 Thread 0x00000202ad038000 Uncommon trap: trap_request=0xffffffc6 fr.pc=0x000002029d126fb4 relative=0x0000000000000794
Event: 26.182 Thread 0x00000202ad038000 Uncommon trap: reason=bimorphic_or_optimized_type_check action=maybe_recompile pc=0x000002029d126fb4 method=java.util.HashMap.putVal(ILjava/lang/Object;Ljava/lang/Object;ZZ)Ljava/lang/Object; @ 203 c2
Event: 26.182 Thread 0x00000202ad038000 DEOPT PACKING pc=0x000002029d126fb4 sp=0x000000b0817fbfe0
Event: 26.182 Thread 0x00000202ad038000 DEOPT UNPACKING pc=0x00000202955a73af sp=0x000000b0817fbef0 mode 2
Event: 26.182 Thread 0x00000202ad038000 Uncommon trap: trap_request=0xffffff4d fr.pc=0x000002029d0756d0 relative=0x0000000000000370
Event: 26.182 Thread 0x00000202ad038000 Uncommon trap: reason=unstable_if action=reinterpret pc=0x000002029d0756d0 method=java.util.HashMap.getNode(ILjava/lang/Object;)Ljava/util/HashMap$Node; @ 129 c2
Event: 26.182 Thread 0x00000202ad038000 DEOPT PACKING pc=0x000002029d0756d0 sp=0x000000b0817fbf70
Event: 26.182 Thread 0x00000202ad038000 DEOPT UNPACKING pc=0x00000202955a73af sp=0x000000b0817fbf08 mode 2
Event: 26.222 Thread 0x00000202ad038000 Uncommon trap: trap_request=0xffffff4d fr.pc=0x000002029d0bd424 relative=0x0000000000000b04
Event: 26.222 Thread 0x00000202ad038000 Uncommon trap: reason=unstable_if action=reinterpret pc=0x000002029d0bd424 method=java.util.Properties$LineReader.readLine()I @ 249 c2
Event: 26.222 Thread 0x00000202ad038000 DEOPT PACKING pc=0x000002029d0bd424 sp=0x000000b0817fbfa0
Event: 26.222 Thread 0x00000202ad038000 DEOPT UNPACKING pc=0x00000202955a73af sp=0x000000b0817fbf40 mode 2
Event: 27.512 Thread 0x00000202ad038000 Uncommon trap: trap_request=0xffffff4d fr.pc=0x000002029d13d3d0 relative=0x0000000000000190
Event: 27.512 Thread 0x00000202ad038000 Uncommon trap: reason=unstable_if action=reinterpret pc=0x000002029d13d3d0 method=java.util.HashMap.getNode(ILjava/lang/Object;)Ljava/util/HashMap$Node; @ 129 c2
Event: 27.512 Thread 0x00000202ad038000 DEOPT PACKING pc=0x000002029d13d3d0 sp=0x000000b0817fcdf0
Event: 27.512 Thread 0x00000202ad038000 DEOPT UNPACKING pc=0x00000202955a73af sp=0x000000b0817fcd00 mode 2
Event: 27.512 Thread 0x00000202ad038000 Uncommon trap: trap_request=0xffffffc6 fr.pc=0x000002029d126fb4 relative=0x0000000000000794
Event: 27.512 Thread 0x00000202ad038000 Uncommon trap: reason=bimorphic_or_optimized_type_check action=maybe_recompile pc=0x000002029d126fb4 method=java.util.HashMap.putVal(ILjava/lang/Object;Ljava/lang/Object;ZZ)Ljava/lang/Object; @ 203 c2
Event: 27.512 Thread 0x00000202ad038000 DEOPT PACKING pc=0x000002029d126fb4 sp=0x000000b0817fcda0
Event: 27.512 Thread 0x00000202ad038000 DEOPT UNPACKING pc=0x00000202955a73af sp=0x000000b0817fccc8 mode 2

Classes redefined (0 events):
No events

Internal exceptions (20 events):
Event: 23.472 Thread 0x00000202ace9a800 Exception <a 'java/lang/NoSuchMethodError'{0x0000000089607e88}: <clinit>> (0x0000000089607e88) thrown at [./src/hotspot/share/prims/jni.cpp, line 1362]
Event: 23.942 Thread 0x00000202ad038000 Exception <a 'java/lang/NoSuchMethodError'{0x000000008939b4c8}: 'void java.lang.invoke.DirectMethodHandle$Holder.invokeVirtual(java.lang.Object, java.lang.Object, java.lang.Object, java.lang.Object)'> (0x000000008939b4c8) thrown at [./src/hotspot/share/interpreter/linkResolver.cpp, line 773]
Event: 23.948 Thread 0x00000202ad038000 Exception <a 'java/lang/NoSuchMethodError'{0x00000000893a7f30}: 'void java.lang.invoke.DelegatingMethodHandle$Holder.reinvoke_L(java.lang.Object, java.lang.Object, java.lang.Object, java.lang.Object)'> (0x00000000893a7f30) thrown at [./src/hotspot/share/interpreter/linkResolver.cpp, line 773]
Event: 23.959 Thread 0x00000202ad038000 Exception <a 'java/lang/NoSuchMethodError'{0x00000000893d8ba0}: 'long java.lang.invoke.DirectMethodHandle$Holder.invokeInterface(java.lang.Object, java.lang.Object)'> (0x00000000893d8ba0) thrown at [./src/hotspot/share/interpreter/linkResolver.cpp, line 773]
Event: 23.967 Thread 0x00000202ad038000 Exception <a 'java/lang/NoSuchMethodError'{0x00000000893fbb58}: 'void java.lang.invoke.DelegatingMethodHandle$Holder.reinvoke_L(java.lang.Object, java.lang.Object, java.lang.Object, java.lang.Object, java.lang.Object, java.lang.Object, java.lang.Object)'> (0x00000000893fbb58) thrown at [./src/hotspot/share/interpreter/linkResolver.cpp, line 773]
Event: 25.059 Thread 0x00000202ad038000 Exception <a 'java/lang/NoSuchMethodError'{0x0000000088224df8}: 'java.lang.Object java.lang.invoke.DirectMethodHandle$Holder.invokeVirtual(java.lang.Object, java.lang.Object, java.lang.Object)'> (0x0000000088224df8) thrown at [./src/hotspot/share/interpreter/linkResolver.cpp, line 773]
Event: 25.226 Thread 0x00000202ad038000 Exception <a 'java/lang/NoSuchMethodError'{0x0000000087fcc0e8}: 'void java.lang.invoke.DirectMethodHandle$Holder.invokeInterface(java.lang.Object, java.lang.Object)'> (0x0000000087fcc0e8) thrown at [./src/hotspot/share/interpreter/linkResolver.cpp, line 773]
Event: 25.227 Thread 0x00000202ad038000 Exception <a 'java/lang/IncompatibleClassChangeError'{0x0000000087fcf298}: Found class java.lang.Object, but interface was expected> (0x0000000087fcf298) thrown at [./src/hotspot/share/interpreter/linkResolver.cpp, line 839]
Event: 25.283 Thread 0x00000202ad038000 Exception <a 'java/lang/NoSuchMethodError'{0x0000000087d46218}: 'void java.lang.invoke.DirectMethodHandle$Holder.invokeStaticInit(java.lang.Object)'> (0x0000000087d46218) thrown at [./src/hotspot/share/interpreter/linkResolver.cpp, line 773]
Event: 25.494 Thread 0x00000202ad038000 Exception <a 'java/lang/NoSuchMethodError'{0x000000008b50cb58}: 'java.lang.Object java.lang.invoke.DirectMethodHandle$Holder.invokeStatic(java.lang.Object, java.lang.Object, java.lang.Object, int)'> (0x000000008b50cb58) thrown at [./src/hotspot/share/interpreter/linkResolver.cpp, line 773]
Event: 25.496 Thread 0x00000202ad038000 Exception <a 'java/lang/NoSuchMethodError'{0x000000008b510d20}: 'java.lang.Object java.lang.invoke.DirectMethodHandle$Holder.invokeSpecial(java.lang.Object, java.lang.Object, java.lang.Object, java.lang.Object, int)'> (0x000000008b510d20) thrown at [./src/hotspot/share/interpreter/linkResolver.cpp, line 773]
Event: 25.496 Thread 0x00000202ad038000 Exception <a 'java/lang/NoSuchMethodError'{0x000000008b514708}: 'java.lang.Object java.lang.invoke.Invokers$Holder.linkToTargetMethod(java.lang.Object, java.lang.Object, int, java.lang.Object)'> (0x000000008b514708) thrown at [./src/hotspot/share/interpreter/linkResolver.cpp, line 773]
Event: 25.893 Thread 0x00000202ad038000 Exception <a 'java/lang/NoSuchMethodError'{0x000000008b7d0260}: 'int java.lang.invoke.DirectMethodHandle$Holder.invokeSpecialIFC(java.lang.Object, java.lang.Object, java.lang.Object, java.lang.Object)'> (0x000000008b7d0260) thrown at [./src/hotspot/share/interpreter/linkResolver.cpp, line 773]
Event: 25.899 Thread 0x00000202ad038000 Exception <a 'java/lang/NoSuchMethodError'{0x000000008b7de020}: 'java.lang.Object java.lang.invoke.DirectMethodHandle$Holder.invokeInterface(java.lang.Object, java.lang.Object, java.lang.Object)'> (0x000000008b7de020) thrown at [./src/hotspot/share/interpreter/linkResolver.cpp, line 773]
Event: 25.901 Thread 0x00000202ad038000 Exception <a 'java/lang/IncompatibleClassChangeError'{0x000000008b7e14f8}: Found class java.lang.Object, but interface was expected> (0x000000008b7e14f8) thrown at [./src/hotspot/share/interpreter/linkResolver.cpp, line 839]
Event: 25.937 Thread 0x00000202ad038000 Exception <a 'java/lang/NoSuchMethodError'{0x000000008b698250}: 'void java.lang.invoke.DirectMethodHandle$Holder.invokeStatic(java.lang.Object, java.lang.Object, java.lang.Object, java.lang.Object, java.lang.Object)'> (0x000000008b698250) thrown at [./src/hotspot/share/interpreter/linkResolver.cpp, line 773]
Event: 26.471 Thread 0x00000202ad038000 Exception <a 'java/lang/NoSuchMethodError'{0x000000008b13de50}: 'void java.lang.invoke.DirectMethodHandle$Holder.invokeSpecial(java.lang.Object, java.lang.Object)'> (0x000000008b13de50) thrown at [./src/hotspot/share/interpreter/linkResolver.cpp, line 773]
Event: 26.701 Thread 0x00000202ad038000 Exception <a 'java/lang/NoSuchMethodError'{0x000000008aa75a98}: 'java.lang.Object java.lang.invoke.DirectMethodHandle$Holder.invokeSpecial(java.lang.Object, java.lang.Object, java.lang.Object, java.lang.Object, java.lang.Object, java.lang.Object, java.lang.Object, java.lang.Object, java.lang.Object)'> (0x000000008aa75a98) thrown at [./src/hotspot/share/interpreter/linkResolver.cpp, line 773]
Event: 27.184 Thread 0x00000202ad038000 Exception <a 'java/lang/NoSuchMethodError'{0x000000008a003bf8}: 'java.lang.Object java.lang.invoke.DirectMethodHandle$Holder.invokeVirtual(java.lang.Object, java.lang.Object, java.lang.Object, java.lang.Object)'> (0x000000008a003bf8) thrown at [./src/hotspot/share/interpreter/linkResolver.cpp, line 773]
Event: 27.267 Thread 0x00000202ad038000 Exception <a 'java/lang/NoSuchMethodError'{0x0000000089ece030}: 'java.lang.Object java.lang.invoke.Invokers$Holder.invoker(java.lang.Object, java.lang.Object, java.lang.Object, java.lang.Object, java.lang.Object)'> (0x0000000089ece030) thrown at [./src/hotspot/share/interpreter/linkResolver.cpp, line 773]

Events (20 events):
Event: 27.508 loading class jdk/internal/misc/JavaBeansAccess done
Event: 27.508 loading class java/beans/Introspector$1 done
Event: 27.509 loading class org/gradle/internal/reflect/MutablePropertyDetails
Event: 27.509 loading class org/gradle/internal/reflect/MutablePropertyDetails done
Event: 27.513 loading class org/gradle/configuration/ConfigurationTargetIdentifier
Event: 27.513 loading class org/gradle/configuration/ConfigurationTargetIdentifier done
Event: 27.514 loading class org/gradle/api/plugins/PluginContainer
Event: 27.514 loading class org/gradle/api/plugins/PluginContainer done
Event: 27.516 loading class org/gradle/api/plugins/PluginCollection
Event: 27.516 loading class org/gradle/api/plugins/PluginCollection done
Event: 27.520 loading class org/gradle/internal/instantiation/generator/AbstractClassGenerator$ClassMetadata
Event: 27.520 loading class org/gradle/internal/instantiation/generator/AbstractClassGenerator$ClassMetadata done
Event: 27.521 loading class java/util/TreeMap$ValueIterator
Event: 27.521 loading class java/util/TreeMap$ValueIterator done
Event: 27.521 loading class org/gradle/internal/instantiation/generator/AbstractClassGenerator$PropertyMetadata
Event: 27.521 loading class org/gradle/internal/instantiation/generator/AbstractClassGenerator$PropertyMetadata done
Event: 27.523 loading class org/gradle/internal/reflect/JavaPropertyReflectionUtil
Event: 27.523 loading class org/gradle/internal/reflect/JavaPropertyReflectionUtil done
Event: 27.688 loading class org/gradle/internal/reflect/PropertyAccessor
Event: 27.688 loading class org/gradle/internal/reflect/PropertyAccessor done


Dynamic libraries:
0x00007ff7912b0000 - 0x00007ff7912ba000 	C:\Program Files\Android\Android Studio\jre\bin\java.exe
0x00007ff8b0770000 - 0x00007ff8b0965000 	C:\WINDOWS\SYSTEM32\ntdll.dll
0x00007ff8af6b0000 - 0x00007ff8af76e000 	C:\WINDOWS\System32\KERNEL32.DLL
0x00007ff8adf10000 - 0x00007ff8ae1d8000 	C:\WINDOWS\System32\KERNELBASE.dll
0x00007ff8ae360000 - 0x00007ff8ae460000 	C:\WINDOWS\System32\ucrtbase.dll
0x00007ff86cdd0000 - 0x00007ff86cde9000 	C:\Program Files\Android\Android Studio\jre\bin\jli.dll
0x00007ff8af080000 - 0x00007ff8af220000 	C:\WINDOWS\System32\USER32.dll
0x00007ff8ae300000 - 0x00007ff8ae322000 	C:\WINDOWS\System32\win32u.dll
0x00007ff8aef10000 - 0x00007ff8aef3b000 	C:\WINDOWS\System32\GDI32.dll
0x00007ff8ae6b0000 - 0x00007ff8ae7bd000 	C:\WINDOWS\System32\gdi32full.dll
0x00007ff8ae460000 - 0x00007ff8ae4fd000 	C:\WINDOWS\System32\msvcp_win.dll
0x00007ff86cdb0000 - 0x00007ff86cdc7000 	C:\Program Files\Android\Android Studio\jre\bin\VCRUNTIME140.dll
0x00007ff89eea0000 - 0x00007ff89f13a000 	C:\WINDOWS\WinSxS\amd64_microsoft.windows.common-controls_6595b64144ccf1df_6.0.19041.1110_none_60b5254171f9507e\COMCTL32.dll
0x00007ff8b0130000 - 0x00007ff8b01ce000 	C:\WINDOWS\System32\msvcrt.dll
0x00007ff8b0700000 - 0x00007ff8b0730000 	C:\WINDOWS\System32\IMM32.DLL
0x00007ff865770000 - 0x00007ff86580d000 	C:\Program Files\Android\Android Studio\jre\bin\msvcp140.dll
0x00007ff84d380000 - 0x00007ff84de4f000 	C:\Program Files\Android\Android Studio\jre\bin\server\jvm.dll
0x00007ff8af780000 - 0x00007ff8af82e000 	C:\WINDOWS\System32\ADVAPI32.dll
0x00007ff8b02a0000 - 0x00007ff8b033c000 	C:\WINDOWS\System32\sechost.dll
0x00007ff8b0420000 - 0x00007ff8b0545000 	C:\WINDOWS\System32\RPCRT4.dll
0x00007ff8af770000 - 0x00007ff8af778000 	C:\WINDOWS\System32\PSAPI.DLL
0x00007ff88a710000 - 0x00007ff88a719000 	C:\WINDOWS\SYSTEM32\WSOCK32.dll
0x00007ff8afa10000 - 0x00007ff8afa7b000 	C:\WINDOWS\System32\WS2_32.dll
0x00007ff8a4bc0000 - 0x00007ff8a4be7000 	C:\WINDOWS\SYSTEM32\WINMM.dll
0x00007ff8a4bf0000 - 0x00007ff8a4bfa000 	C:\WINDOWS\SYSTEM32\VERSION.dll
0x00007ff8aca10000 - 0x00007ff8aca22000 	C:\WINDOWS\SYSTEM32\kernel.appcore.dll
0x00007ff8a2250000 - 0x00007ff8a2261000 	C:\Program Files\Android\Android Studio\jre\bin\verify.dll
0x00007ff89fb70000 - 0x00007ff89fd54000 	C:\WINDOWS\SYSTEM32\DBGHELP.DLL
0x00007ff89fb40000 - 0x00007ff89fb6c000 	C:\WINDOWS\SYSTEM32\dbgcore.DLL
0x00007ff8ade80000 - 0x00007ff8adf02000 	C:\WINDOWS\System32\bcryptPrimitives.dll
0x00007ff8a20f0000 - 0x00007ff8a2119000 	C:\Program Files\Android\Android Studio\jre\bin\java.dll
0x00007ff8a3210000 - 0x00007ff8a321b000 	C:\Program Files\Android\Android Studio\jre\bin\jimage.dll
0x00007ff882610000 - 0x00007ff882628000 	C:\Program Files\Android\Android Studio\jre\bin\zip.dll
0x00007ff8ae7c0000 - 0x00007ff8aef04000 	C:\WINDOWS\System32\SHELL32.dll
0x00007ff8abd00000 - 0x00007ff8ac494000 	C:\WINDOWS\SYSTEM32\windows.storage.dll
0x00007ff8af350000 - 0x00007ff8af6a5000 	C:\WINDOWS\System32\combase.dll
0x00007ff8ad800000 - 0x00007ff8ad82e000 	C:\WINDOWS\SYSTEM32\Wldp.dll
0x00007ff8aefd0000 - 0x00007ff8af07d000 	C:\WINDOWS\System32\SHCORE.dll
0x00007ff8b01e0000 - 0x00007ff8b0235000 	C:\WINDOWS\System32\shlwapi.dll
0x00007ff8addc0000 - 0x00007ff8adddf000 	C:\WINDOWS\SYSTEM32\profapi.dll
0x00007ff8825f0000 - 0x00007ff88260a000 	C:\Program Files\Android\Android Studio\jre\bin\net.dll
0x00007ff8a0060000 - 0x00007ff8a016c000 	C:\WINDOWS\SYSTEM32\WINHTTP.dll
0x00007ff8ad500000 - 0x00007ff8ad56a000 	C:\WINDOWS\system32\mswsock.dll
0x00007ff86d550000 - 0x00007ff86d564000 	C:\Program Files\Android\Android Studio\jre\bin\nio.dll
0x00007ff86be70000 - 0x00007ff86be97000 	C:\Users\Hervis Jonathan\.gradle\native\8bec1ad78214c89d9ad589b4d07fe93259594b29d510b10fafb7a158f7737e5d\windows-amd64\native-platform.dll
0x00007ff85d510000 - 0x00007ff85d64d000 	C:\Users\Hervis Jonathan\.gradle\native\53dbd7edfb1c66fb8903c78663c9afc45aea4f116125fa6feffd364cf09443e8\windows-amd64\native-platform-file-events.dll
0x00007ff8a31c0000 - 0x00007ff8a31ca000 	C:\Program Files\Android\Android Studio\jre\bin\management.dll
0x00007ff8a2240000 - 0x00007ff8a224c000 	C:\Program Files\Android\Android Studio\jre\bin\management_ext.dll
0x00007ff8ad730000 - 0x00007ff8ad748000 	C:\WINDOWS\SYSTEM32\CRYPTSP.dll
0x00007ff8acea0000 - 0x00007ff8aced4000 	C:\WINDOWS\system32\rsaenh.dll
0x00007ff8ae330000 - 0x00007ff8ae357000 	C:\WINDOWS\System32\bcrypt.dll
0x00007ff8add40000 - 0x00007ff8add6e000 	C:\WINDOWS\SYSTEM32\USERENV.dll
0x00007ff8ad690000 - 0x00007ff8ad69c000 	C:\WINDOWS\SYSTEM32\CRYPTBASE.dll
0x00007ff8ad210000 - 0x00007ff8ad24b000 	C:\WINDOWS\SYSTEM32\IPHLPAPI.DLL
0x00007ff8b01d0000 - 0x00007ff8b01d8000 	C:\WINDOWS\System32\NSI.dll
0x00007ff8a3ac0000 - 0x00007ff8a3ad7000 	C:\WINDOWS\SYSTEM32\dhcpcsvc6.DLL
0x00007ff8a3df0000 - 0x00007ff8a3e0d000 	C:\WINDOWS\SYSTEM32\dhcpcsvc.DLL
0x00007ff8ad250000 - 0x00007ff8ad31b000 	C:\WINDOWS\SYSTEM32\DNSAPI.dll

dbghelp: loaded successfully - version: 4.0.5 - missing functions: none
symbol engine: initialized successfully - sym options: 0x614 - pdb path: .;C:\Program Files\Android\Android Studio\jre\bin;C:\WINDOWS\SYSTEM32;C:\WINDOWS\WinSxS\amd64_microsoft.windows.common-controls_6595b64144ccf1df_6.0.19041.1110_none_60b5254171f9507e;C:\Program Files\Android\Android Studio\jre\bin\server;C:\Users\Hervis Jonathan\.gradle\native\8bec1ad78214c89d9ad589b4d07fe93259594b29d510b10fafb7a158f7737e5d\windows-amd64;C:\Users\Hervis Jonathan\.gradle\native\53dbd7edfb1c66fb8903c78663c9afc45aea4f116125fa6feffd364cf09443e8\windows-amd64

VM Arguments:
jvm_args: --add-opens=java.base/java.util=ALL-UNNAMED --add-opens=java.base/java.lang=ALL-UNNAMED --add-opens=java.base/java.lang.invoke=ALL-UNNAMED --add-opens=java.base/java.util=ALL-UNNAMED --add-opens=java.prefs/java.util.prefs=ALL-UNNAMED --add-opens=java.prefs/java.util.prefs=ALL-UNNAMED --add-opens=java.base/java.nio.charset=ALL-UNNAMED --add-opens=java.base/java.net=ALL-UNNAMED --add-opens=java.base/java.util.concurrent.atomic=ALL-UNNAMED -Xmx2048m -Dfile.encoding=UTF-8 -Duser.country=CO -Duser.language=es -Duser.variant 
java_command: org.gradle.launcher.daemon.bootstrap.GradleDaemon 7.0.2
java_class_path (initial): C:\Users\Hervis Jonathan\.gradle\wrapper\dists\gradle-7.0.2-bin\857tjihv64xamwrf0h14cai3r\gradle-7.0.2\lib\gradle-launcher-7.0.2.jar
Launcher Type: SUN_STANDARD

[Global flags]
     intx CICompilerCount                          = 2                                         {product} {ergonomic}
     uint ConcGCThreads                            = 1                                         {product} {ergonomic}
     uint G1ConcRefinementThreads                  = 2                                         {product} {ergonomic}
   size_t G1HeapRegionSize                         = 1048576                                   {product} {ergonomic}
    uintx GCDrainStackTargetSize                   = 64                                        {product} {ergonomic}
   size_t InitialHeapSize                          = 192937984                                 {product} {ergonomic}
   size_t MarkStackSize                            = 4194304                                   {product} {ergonomic}
   size_t MaxHeapSize                              = 2147483648                                {product} {command line}
   size_t MaxNewSize                               = 1287651328                                {product} {ergonomic}
   size_t MinHeapDeltaBytes                        = 1048576                                   {product} {ergonomic}
    uintx NonNMethodCodeHeapSize                   = 5825164                                {pd product} {ergonomic}
    uintx NonProfiledCodeHeapSize                  = 122916538                              {pd product} {ergonomic}
    uintx ProfiledCodeHeapSize                     = 122916538                              {pd product} {ergonomic}
    uintx ReservedCodeCacheSize                    = 251658240                              {pd product} {ergonomic}
     bool SegmentedCodeCache                       = true                                      {product} {ergonomic}
     bool UseCompressedClassPointers               = true                                 {lp64_product} {ergonomic}
     bool UseCompressedOops                        = true                                 {lp64_product} {ergonomic}
     bool UseG1GC                                  = true                                      {product} {ergonomic}
     bool UseLargePagesIndividualAllocation        = false                                  {pd product} {ergonomic}

Logging:
Log output configuration:
 #0: stdout all=warning uptime,level,tags
 #1: stderr all=off uptime,level,tags

Environment Variables:
PATH=C:\Program Files (x86)\Common Files\Oracle\Java\javapath;C:\Program Files\Microsoft MPI\Bin\;C:\ProgramData\Oracle\Java\javapath;C:\WINDOWS\system32;C:\WINDOWS;C:\WINDOWS\System32\Wbem;C:\WINDOWS\System32\WindowsPowerShell\v1.0\;C:\Program Files (x86)\Microsoft SQL Server\130\Tools\Binn\;C:\Program Files\Microsoft SQL Server\130\Tools\Binn\;C:\Program Files (x86)\Microsoft SQL Server\130\DTS\Binn\;C:\Program Files\Microsoft SQL Server\130\DTS\Binn\;C:\Program Files\Microsoft SQL Server\Client SDK\ODBC\130\Tools\Binn\;C:\Program Files (x86)\Microsoft SQL Server\Client SDK\ODBC\130\Tools\Binn\;C:\Program Files (x86)\Microsoft SQL Server\140\Tools\Binn\;C:\Program Files (x86)\Microsoft SQL Server\140\DTS\Binn\;C:\Program Files (x86)\Microsoft SQL Server\140\Tools\Binn\ManagementStudio\;C:\Program Files (x86)\Microsoft SQL Server\110\DTS\Binn\;C:\Program Files (x86)\Microsoft SQL Server\120\DTS\Binn\;C:\Program Files\dotnet\;C:\WINDOWS\System32\OpenSSH\;C:\Program Files\Microsoft SQL Server\Client SDK\ODBC\170\Tools\Binn\;C:\Program Files (x86)\Microsoft SQL Server\150\Tools\Binn\;C:\Program Files\Microsoft SQL Server\150\Tools\Binn\;C:\Program Files\Microsoft SQL Server\150\DTS\Binn\;C:\Program Files (x86)\Microsoft SQL Server\150\DTS\Binn\;C:\Program Files\Azure Data Studio\bin;C:\Program Files (x86)\dotnet\;C:\Program Files\Git\cmd;C:\Users\Hervis Jonathan\AppData\Local\Programs\Python\Python39\Scripts\;C:\Users\Hervis Jonathan\AppData\Local\Programs\Python\Python39\;C:\Users\Hervis Jonathan\AppData\Local\Programs\Python\Python38-32\Scripts\;C:\Users\Hervis Jonathan\AppData\Local\Programs\Python\Python38-32\;C:\Users\Hervis Jonathan\AppData\Local\Microsoft\WindowsApps;C:\Users\Hervis Jonathan\AppData\Local\GitHubDesktop\bin;C:\Program Files\Azure Data Studio\bin;C:\Users\Hervis Jonathan\.dotnet\tools;C:\Program Files\JetBrains\IntelliJ IDEA Community Edition 2021.2\bin;;C:\Users\Hervis Jonathan\AppData\Local\Programs\Microsoft VS Code\bin
USERNAME=Hervis Jonathan
OS=Windows_NT
PROCESSOR_IDENTIFIER=AMD64 Family 21 Model 112 Stepping 0, AuthenticAMD



---------------  S Y S T E M  ---------------

OS: Windows 10 , 64 bit Build 19041 (10.0.19041.1503)
OS uptime: 0 days 20:57 hours
Hyper-V role detected

CPU:total 2 (initial active 2) (2 cores per cpu, 1 threads per core) family 21 model 112 stepping 0 microcode 0x0, cmov, cx8, fxsr, mmx, sse, sse2, sse3, ssse3, sse4.1, sse4.2, popcnt, avx, avx2, aes, clmul, mmxext, 3dnowpref, lzcnt, sse4a, tsc, tscinvbit, tscinv, bmi1, bmi2, fma

Memory: 4k page, system-wide physical 11729M (2164M free)
TotalPageFile size 13499M (AvailPageFile size 9M)
current process WorkingSet (physical memory assigned to process): 185M, peak: 185M
current process commit charge ("private bytes"): 320M, peak: 320M

vm_info: OpenJDK 64-Bit Server VM (11.0.10+0-b96-7249189) for windows-amd64 JRE (11.0.10+0-b96-7249189), built on Mar 31 2021 21:44:00 by "builder" with MS VC++ 14.0 (VS2015)

END.
