#
# A fatal error has been detected by the Java Runtime Environment:
#
#  EXCEPTION_ACCESS_VIOLATION (0xc0000005) at pc=0x00007ffc78c02cf3, pid=7372, tid=20872
#
# JRE version: OpenJDK Runtime Environment (11.0.10) (build 11.0.10+0-b96-7249189)
# Java VM: OpenJDK 64-Bit Server VM (11.0.10+0-b96-7249189, mixed mode, tiered, compressed oops, g1 gc, windows-amd64)
# Problematic frame:
# V  [jvm.dll+0x372cf3]
#
# No core dump will be written. Minidumps are not enabled by default on client versions of Windows
#
# If you would like to submit a bug report, please visit:
#   https://bugreport.java.com/bugreport/crash.jsp
#

---------------  S U M M A R Y ------------

Command Line: --add-opens=java.base/java.util=ALL-UNNAMED --add-opens=java.base/java.lang=ALL-UNNAMED --add-opens=java.base/java.lang.invoke=ALL-UNNAMED --add-opens=java.base/java.util=ALL-UNNAMED --add-opens=java.prefs/java.util.prefs=ALL-UNNAMED --add-opens=java.prefs/java.util.prefs=ALL-UNNAMED --add-opens=java.base/java.nio.charset=ALL-UNNAMED --add-opens=java.base/java.net=ALL-UNNAMED --add-opens=java.base/java.util.concurrent.atomic=ALL-UNNAMED -Xmx2048m -Dfile.encoding=UTF-8 -Duser.country=CO -Duser.language=es -Duser.variant org.gradle.launcher.daemon.bootstrap.GradleDaemon 7.0.2

Host: AMD A9-9410 RADEON R5, 5 COMPUTE CORES 2C+3G   , 2 cores, 11G,  Windows 10 , 64 bit Build 19041 (10.0.19041.1503)
Time: Fri Mar 18 13:46:45 2022 Hora est. Pacífico, Sudamérica elapsed time: 2506.356537 seconds (0d 0h 41m 46s)

---------------  T H R E A D  ---------------

Current thread (0x0000022728296000):  JavaThread "Cache worker for Build Output Cleanup Cache (C:\Users\Hervis Jonathan\Desktop\Cesde-2\TercerSemestre\BancolombiaAAP\.gradle\buildOutputCleanup)" [_thread_in_vm, id=20872, stack(0x000000df4a100000,0x000000df4a200000)]

Stack: [0x000000df4a100000,0x000000df4a200000],  sp=0x000000df4a1f98a0,  free space=998k
Native frames: (J=compiled Java code, j=interpreted, Vv=VM code, C=native code)
V  [jvm.dll+0x372cf3]
V  [jvm.dll+0x5eced2]
V  [jvm.dll+0x372faf]
V  [jvm.dll+0x3730ba]
V  [jvm.dll+0x6c1e8a]
V  [jvm.dll+0x6c113b]
V  [jvm.dll+0x6c13a5]
V  [jvm.dll+0x6c11b3]
V  [jvm.dll+0x23c8c7]
V  [jvm.dll+0x179863]
V  [jvm.dll+0x4e49a8]
V  [jvm.dll+0x4e7c0a]
V  [jvm.dll+0x4e75dd]
V  [jvm.dll+0x657a5a]
V  [jvm.dll+0x65abb6]
V  [jvm.dll+0x65a646]
